\BOOKMARK [-1][]{thuchapter.1.-1}{\376\377\227\142\124\021\131\047\152\041\127\213\166\204\143\250\164\006\116\373\122\241\142\171\137\017\214\003\136\246\000\040\000\040\124\214\000K\000V\177\023\133\130\117\030\123\026}{}% 1
\BOOKMARK [0][]{thuchapter.2.0}{\376\377\133\146\117\115\213\272\145\207\121\154\137\000\213\304\226\005\116\272\124\214\173\124\217\251\131\324\124\130\117\032\124\015\123\125}{thuchapter.1.-1}% 2
\BOOKMARK [0][]{section*.9}{\376\377\144\130\211\201}{thuchapter.1.-1}% 3
\BOOKMARK [0][]{section*.11}{\376\377\000A\000b\000s\000t\000r\000a\000c\000t}{thuchapter.1.-1}% 4
\BOOKMARK [0][]{thuchapter.3.0}{\376\377\166\356\137\125}{thuchapter.1.-1}% 5
\BOOKMARK [0][]{section*.15}{\376\377\173\046\123\367\124\214\177\051\165\145\213\355\213\364\146\016}{thuchapter.1.-1}% 6
\BOOKMARK [0][]{chapter.1}{\376\377\173\054\0001\172\340\000\040\176\352\213\272}{thuchapter.1.-1}% 7
\BOOKMARK [1][-]{section.1.1}{\376\377\0001\000.\0001\000\040\170\024\172\166\200\314\146\157}{chapter.1}% 8
\BOOKMARK [1][-]{section.1.2}{\376\377\0001\000.\0002\000\040\170\024\172\166\141\017\116\111}{chapter.1}% 9
\BOOKMARK [1][-]{section.1.3}{\376\377\0001\000.\0003\000\040\126\375\121\205\131\026\170\024\172\166\163\260\162\266\123\312\122\006\147\220}{chapter.1}% 10
\BOOKMARK [2][-]{subsection.1.3.1}{\376\377\0001\000.\0003\000.\0001\000\040\173\227\154\325\134\102\227\142\166\204\143\250\164\006\117\030\123\026}{section.1.3}% 11
\BOOKMARK [2][-]{subsection.1.3.2}{\376\377\0001\000.\0003\000.\0002\000\040\174\373\176\337\147\266\147\204\116\016\121\205\133\130\173\241\164\006\117\030\123\026}{section.1.3}% 12
\BOOKMARK [2][-]{subsection.1.3.3}{\376\377\0001\000.\0003\000.\0003\000\040\142\171\131\004\164\006\116\016\213\367\154\102\214\003\136\246\173\126\165\145}{section.1.3}% 13
\BOOKMARK [2][-]{subsection.1.3.4}{\376\377\0001\000.\0003\000.\0004\000\040\215\104\156\220\221\115\177\156\173\126\165\145}{section.1.3}% 14
\BOOKMARK [2][-]{subsection.1.3.5}{\376\377\0001\000.\0003\000.\0005\000\040\126\375\121\205\131\026\170\024\172\166\163\260\162\266\133\371\153\324}{section.1.3}% 15
\BOOKMARK [2][-]{subsection.1.3.6}{\376\377\0001\000.\0003\000.\0006\000\040\163\260\147\011\170\024\172\166\166\204\134\100\226\120\140\047\116\016\124\057\171\072}{section.1.3}% 16
\BOOKMARK [1][-]{section.1.4}{\376\377\0001\000.\0004\000\040\213\272\145\207\116\073\211\201\135\345\117\134}{chapter.1}% 17
\BOOKMARK [2][-]{subsection.1.4.1}{\376\377\0001\000.\0004\000.\0001\000\040\227\142\124\021\000L\000L\000M\143\250\164\006\116\373\122\241\166\204\232\330\145\110\142\171\137\017\214\003\136\246\124\214\220\350\177\162\145\271\154\325}{section.1.4}% 18
\BOOKMARK [2][-]{subsection.1.4.2}{\376\377\0001\000.\0004\000.\0002\000\040\227\142\124\021\000P\000D\122\006\171\273\147\266\147\204\166\204\215\104\156\220\173\241\164\006\124\214\000K\000V\177\023\133\130\117\030\123\026\145\271\154\325}{section.1.4}% 19
\BOOKMARK [2][-]{subsection.1.4.3}{\376\377\0001\000.\0004\000.\0003\000\040\116\073\211\201\122\033\145\260\160\271}{section.1.4}% 20
\BOOKMARK [1][-]{section.1.5}{\376\377\0001\000.\0005\000\040\213\272\145\207\176\304\176\307\147\266\147\204}{chapter.1}% 21
\BOOKMARK [0][]{chapter.2}{\376\377\173\054\0002\172\340\000\040\163\260\147\011\000L\000L\000M\166\204\143\250\164\006\116\373\122\241\142\171\137\017\116\373\122\241\214\003\136\246\124\214\000K\000V\177\023\133\130\117\030\123\026\166\204\145\271\154\325}{thuchapter.1.-1}% 22
\BOOKMARK [1][-]{section.2.1}{\376\377\0002\000.\0001\000\040\163\260\147\011\166\204\000L\000L\000M\143\250\164\006\116\373\122\241\142\171\137\017\214\003\136\246\145\271\154\325}{chapter.2}% 23
\BOOKMARK [2][-]{subsection.2.1.1}{\376\377\0002\000.\0001\000.\0001\000\040\000S\0003\377\032\217\223\121\372\225\177\136\246\141\037\167\345\214\003\136\246}{section.2.1}% 24
\BOOKMARK [2][-]{subsection.2.1.2}{\376\377\0002\000.\0001\000.\0002\000\040\000C\000o\000n\000t\000i\000n\000u\000o\000u\000s\000\040\000B\000a\000t\000c\000h\000i\000n\000g\377\032\122\250\140\001\213\367\154\102\124\010\136\166}{section.2.1}% 25
\BOOKMARK [2][-]{subsection.2.1.3}{\376\377\0002\000.\0001\000.\0003\000\040\000O\000r\000c\000a\116\055\166\204\000I\000n\000-\000f\000l\000i\000g\000h\000t\000\040\000B\000a\000t\000c\000h\000i\000n\000g\142\171\131\004\164\006\147\072\122\066}{section.2.1}% 26
\BOOKMARK [2][-]{subsection.2.1.4}{\376\377\0002\000.\0001\000.\0004\000\040\117\040\176\337\214\003\136\246\173\126\165\145}{section.2.1}% 27
\BOOKMARK [1][-]{section.2.2}{\376\377\0002\000.\0002\000\040\163\260\147\011\166\204\000K\000V\177\023\133\130\117\030\123\026\145\271\154\325}{chapter.2}% 28
\BOOKMARK [2][-]{subsection.2.2.1}{\376\377\0002\000.\0002\000.\0001\000\040\000M\000o\000o\000n\000c\000a\000k\000e\377\032\121\150\134\100\000K\000V\177\023\133\130\154\140}{section.2.2}% 29
\BOOKMARK [2][-]{subsection.2.2.2}{\376\377\0002\000.\0002\000.\0002\000\040\000M\000e\000m\000S\000e\000r\000v\000e\377\032\137\071\140\047\121\205\133\130\173\241\164\006}{section.2.2}% 30
\BOOKMARK [2][-]{subsection.2.2.3}{\376\377\0002\000.\0002\000.\0003\000\040\000v\000L\000L\000M\377\032\000P\000a\000g\000e\000d\000A\000t\000t\000e\000n\000t\000i\000o\000n\146\076\133\130\117\030\123\026}{section.2.2}% 31
\BOOKMARK [2][-]{subsection.2.2.4}{\376\377\0002\000.\0002\000.\0004\000\040\221\317\123\026\377\032\152\041\127\213\123\213\177\051\116\016\122\240\220\037}{section.2.2}% 32
\BOOKMARK [1][-]{section.2.3}{\376\377\0002\000.\0003\000\040\163\260\147\011\145\271\154\325\166\204\177\072\226\167}{chapter.2}% 33
\BOOKMARK [2][-]{subsection.2.3.1}{\376\377\0002\000.\0003\000.\0001\000\040\214\003\136\246\174\222\136\246\116\016\215\104\156\220\162\266\140\001\166\204\175\047\200\046\124\010}{section.2.3}% 34
\BOOKMARK [2][-]{subsection.2.3.2}{\376\377\0002\000.\0003\000.\0002\000\040\215\104\156\220\221\115\177\156\166\204\227\131\140\001\123\026\116\016\122\032\140\047\176\246\147\137}{section.2.3}% 35
\BOOKMARK [2][-]{subsection.2.3.3}{\376\377\0002\000.\0003\000.\0003\000\040\177\072\116\117\215\350\226\066\153\265\166\204\176\306\174\222\136\246\215\104\156\220\123\117\124\014\147\072\122\066}{section.2.3}% 36
\BOOKMARK [2][-]{subsection.2.3.4}{\376\377\0002\000.\0003\000.\0004\000\040\133\371\137\002\147\204\140\047\124\214\122\250\140\001\140\047\166\204\220\002\136\224\140\047\116\015\215\263}{section.2.3}% 37
\BOOKMARK [0][]{chapter.3}{\376\377\173\054\0003\172\340\000\040\145\160\133\146\173\046\123\367\124\214\121\154\137\017}{thuchapter.1.-1}% 38
\BOOKMARK [1][-]{section.3.1}{\376\377\0003\000.\0001\000\040\145\160\133\146\173\046\123\367}{chapter.3}% 39
\BOOKMARK [1][-]{section.3.2}{\376\377\0003\000.\0002\000\040\145\160\133\146\121\154\137\017}{chapter.3}% 40
\BOOKMARK [1][-]{section.3.3}{\376\377\0003\000.\0003\000\040\145\160\133\146\133\232\164\006}{chapter.3}% 41
\BOOKMARK [1][-]{section.3.4}{\376\377\0003\000.\0004\000\040\145\160\133\146\133\127\117\123}{chapter.3}% 42
\BOOKMARK [0][]{chapter.4}{\376\377\173\054\0004\172\340\000\040\137\025\165\050\145\207\163\056\166\204\150\007\154\350}{thuchapter.1.-1}% 43
\BOOKMARK [1][-]{section.4.1}{\376\377\0004\000.\0001\000\040\230\172\136\217\177\026\170\001\122\066}{chapter.4}% 44
\BOOKMARK [1][-]{section.4.2}{\376\377\0004\000.\0002\000\040\204\127\200\005\000-\121\372\162\110\136\164\122\066}{chapter.4}% 45
\BOOKMARK [2][-]{subsection.4.2.1}{\376\377\0004\000.\0002\000.\0001\000\040\121\166\116\326\137\025\165\050\154\350\141\017\116\213\230\171}{section.4.2}% 46
\BOOKMARK [0][]{chapter.5}{\376\377\173\054\0005\172\340\000\040\000E\000n\000g\000l\000i\000s\000h\000\040\000a\000n\000d\000\040\000l\000o\000w\000e\000r\000-\000c\000a\000s\000e\000\040\000E\000x\000a\000m\000p\000l\000e}{thuchapter.1.-1}% 47
\BOOKMARK [1][-]{section.5.1}{\376\377\0005\000.\0001\000\040\000R\000e\000f\000e\000r\000e\000n\000c\000e\000\040\000g\000u\000i\000d\000e}{chapter.5}% 48
\BOOKMARK [0][]{section*.25}{\376\377\176\323\213\272}{thuchapter.1.-1}% 49
\BOOKMARK [0][]{section*.27}{\376\377\123\302\200\003\145\207\163\056}{thuchapter.1.-1}% 50
\BOOKMARK [0][]{appendix.A}{\376\377\226\104\137\125\000\040\000A\000\040\210\145\121\105\121\205\133\271}{thuchapter.1.-1}% 51
\BOOKMARK [1][-]{section.A.1}{\376\377\000A\000.\0001\000\040\126\376\210\150\171\072\117\213}{appendix.A}% 52
\BOOKMARK [2][-]{subsection.A.1.1}{\376\377\000A\000.\0001\000.\0001\000\040\126\376}{section.A.1}% 53
\BOOKMARK [2][-]{subsection.A.1.2}{\376\377\000A\000.\0001\000.\0002\000\040\210\150\150\074}{section.A.1}% 54
\BOOKMARK [1][-]{section.A.2}{\376\377\000A\000.\0002\000\040\145\160\133\146\121\154\137\017}{appendix.A}% 55
\BOOKMARK [1][-]{section.A.3}{\376\377\000A\000.\0003\000\040\156\220\116\343\170\001}{appendix.A}% 56
\BOOKMARK [1][-]{section.A.4}{\376\377\000A\000.\0004\000\040\117\052\116\343\170\001}{appendix.A}% 57
\BOOKMARK [0][]{section*.32}{\376\377\201\364\214\042}{thuchapter.1.-1}% 58
\BOOKMARK [0][]{section*.34}{\376\377\116\052\116\272\173\200\123\206\060\001\127\050\133\146\147\037\225\364\133\214\142\020\166\204\166\370\121\163\133\146\147\057\142\020\147\234}{thuchapter.1.-1}% 59
